TN:
SF:/home/johnsz/shared/repos/feathers-authentication-management/src/checkUniqueness.js
FN:8,checkUniqueness
FN:14,(anonymous_2)
FN:17,(anonymous_3)
FN:18,(anonymous_4)
FN:26,(anonymous_5)
FN:29,(anonymous_6)
FN:30,(anonymous_7)
FN:32,(anonymous_8)
FN:34,(anonymous_9)
FNF:9
FNH:8
FNDA:44,checkUniqueness
FNDA:52,(anonymous_2)
FNDA:44,(anonymous_3)
FNDA:44,(anonymous_4)
FNDA:0,(anonymous_5)
FNDA:44,(anonymous_6)
FNDA:44,(anonymous_7)
FNDA:28,(anonymous_8)
FNDA:36,(anonymous_9)
DA:4,1
DA:5,1
DA:8,1
DA:9,44
DA:10,44
DA:11,44
DA:13,44
DA:14,52
DA:16,44
DA:17,44
DA:19,44
DA:20,44
DA:23,44
DA:27,0
DA:30,44
DA:32,44
DA:33,28
DA:34,36
DA:36,28
LF:19
LH:18
BRDA:14,0,0,52
BRDA:14,0,1,48
BRDA:19,1,0,22
BRDA:19,1,1,22
BRDA:20,2,0,44
BRDA:20,2,1,36
BRDA:20,2,2,32
BRDA:23,3,0,36
BRDA:23,3,1,8
BRDA:32,4,0,28
BRDA:32,4,1,16
BRDA:36,5,0,4
BRDA:36,5,1,24
BRF:13
BRH:13
end_of_record
TN:
SF:/home/johnsz/shared/repos/feathers-authentication-management/src/client.js
FN:5,AuthManagement
FN:12,(anonymous_1)
FN:19,(anonymous_2)
FN:25,(anonymous_3)
FN:30,(anonymous_4)
FN:35,(anonymous_5)
FN:41,(anonymous_6)
FN:46,(anonymous_7)
FN:51,(anonymous_8)
FN:56,(anonymous_9)
FN:61,(anonymous_10)
FN:65,(anonymous_11)
FN:80,(anonymous_12)
FNF:13
FNH:13
FNDA:11,AuthManagement
FNDA:1,(anonymous_1)
FNDA:1,(anonymous_2)
FNDA:1,(anonymous_3)
FNDA:1,(anonymous_4)
FNDA:1,(anonymous_5)
FNDA:1,(anonymous_6)
FNDA:1,(anonymous_7)
FNDA:1,(anonymous_8)
FNDA:1,(anonymous_9)
FNDA:2,(anonymous_10)
FNDA:2,(anonymous_11)
FNDA:1,(anonymous_12)
DA:6,11
DA:7,0
DA:10,11
DA:12,11
DA:19,11
DA:25,11
DA:30,11
DA:35,11
DA:41,11
DA:46,11
DA:51,11
DA:56,11
DA:61,11
DA:62,2
DA:64,2
DA:66,2
DA:68,2
DA:69,1
DA:70,0
DA:73,1
DA:74,0
DA:75,0
DA:78,1
DA:81,1
DA:82,1
DA:88,1
DA:89,1
LF:27
LH:23
BRDA:6,0,0,0
BRDA:6,0,1,11
BRDA:68,1,0,1
BRDA:68,1,1,1
BRDA:68,2,0,2
BRDA:68,2,1,2
BRDA:70,3,0,0
BRDA:70,3,1,0
BRDA:73,4,0,0
BRDA:73,4,1,1
BRDA:81,5,0,1
BRDA:81,5,1,0
BRDA:88,6,0,1
BRDA:88,6,1,0
BRDA:88,7,0,1
BRDA:88,7,1,1
BRF:16
BRH:10
end_of_record
TN:
SF:/home/johnsz/shared/repos/feathers-authentication-management/src/helpers.js
FN:11,hashPassword
FN:16,get
FN:24,(anonymous_2)
FN:27,comparePasswords
FN:27,(anonymous_4)
FN:28,(anonymous_5)
FN:37,_randomBytes
FN:37,(anonymous_7)
FN:38,(anonymous_8)
FN:41,_randomDigits
FN:46,getLongToken
FN:48,getShortToken
FN:54,(anonymous_12)
FN:65,getUserData
FN:109,ensureObjPropsValid
FN:111,(anonymous_15)
FN:119,ensureValuesAreStrings
FN:120,(anonymous_17)
FN:127,sanitizeUserForClient
FN:142,sanitizeUserForNotifier
FN:148,notifier
FN:151,(anonymous_21)
FN:154,(anonymous_22)
FN:161,randomBytes
FN:162,randomDigits
FNF:25
FNH:25
FNDA:72,hashPassword
FNDA:72,get
FNDA:72,(anonymous_2)
FNDA:32,comparePasswords
FNDA:32,(anonymous_4)
FNDA:32,(anonymous_5)
FNDA:139,_randomBytes
FNDA:139,(anonymous_7)
FNDA:139,(anonymous_8)
FNDA:111,_randomDigits
FNDA:122,getLongToken
FNDA:122,getShortToken
FNDA:14,(anonymous_12)
FNDA:216,getUserData
FNDA:236,ensureObjPropsValid
FNDA:256,(anonymous_15)
FNDA:152,ensureValuesAreStrings
FNDA:232,(anonymous_17)
FNDA:152,sanitizeUserForClient
FNDA:152,sanitizeUserForNotifier
FNDA:152,notifier
FNDA:152,(anonymous_21)
FNDA:152,(anonymous_22)
FNDA:3,randomBytes
FNDA:3,randomDigits
DA:5,1
DA:6,1
DA:7,1
DA:8,1
DA:9,1
DA:11,1
DA:12,72
DA:18,72
DA:23,72
DA:24,72
DA:27,32
DA:28,32
DA:29,32
DA:30,8
DA:33,24
DA:37,139
DA:38,139
DA:41,1
DA:42,111
DA:43,111
DA:46,122
DA:48,1
DA:49,122
DA:50,108
DA:53,14
DA:55,14
DA:57,14
DA:58,1
DA:61,14
DA:65,1
DA:66,216
DA:67,32
DA:71,184
DA:72,184
DA:74,184
DA:75,0
DA:79,184
DA:80,12
DA:84,172
DA:87,8
DA:91,164
DA:92,12
DA:96,152
DA:97,8
DA:101,144
DA:102,8
DA:106,136
DA:109,1
DA:110,236
DA:111,256
DA:112,236
DA:113,24
DA:119,232
DA:120,232
DA:121,0
DA:127,1
DA:128,152
DA:130,152
DA:131,152
DA:132,152
DA:133,152
DA:134,152
DA:135,152
DA:136,152
DA:137,152
DA:139,152
DA:142,1
DA:143,152
DA:144,152
DA:145,152
DA:148,1
DA:149,152
DA:151,152
DA:152,152
DA:154,152
DA:158,1
DA:161,3
DA:162,3
LF:78
LH:76
BRDA:29,0,0,8
BRDA:29,0,1,24
BRDA:29,1,0,32
BRDA:29,1,1,32
BRDA:38,2,0,0
BRDA:38,2,1,139
BRDA:49,3,0,108
BRDA:49,3,1,14
BRDA:57,4,0,1
BRDA:57,4,1,13
BRDA:66,5,0,32
BRDA:66,5,1,184
BRDA:66,6,0,108
BRDA:66,6,1,108
BRDA:71,7,0,92
BRDA:71,7,1,92
BRDA:74,8,0,0
BRDA:74,8,1,184
BRDA:79,9,0,12
BRDA:79,9,1,172
BRDA:79,10,0,184
BRDA:79,10,1,56
BRDA:84,11,0,8
BRDA:84,11,1,164
BRDA:84,12,0,172
BRDA:84,12,1,56
BRDA:84,12,2,16
BRDA:85,13,0,16
BRDA:85,13,1,8
BRDA:91,14,0,12
BRDA:91,14,1,152
BRDA:91,15,0,164
BRDA:91,15,1,72
BRDA:96,16,0,8
BRDA:96,16,1,144
BRDA:96,17,0,152
BRDA:96,17,1,48
BRDA:101,18,0,8
BRDA:101,18,1,136
BRDA:101,19,0,144
BRDA:101,19,1,40
BRDA:111,20,0,256
BRDA:111,20,1,240
BRDA:112,21,0,24
BRDA:112,21,1,212
BRDA:112,22,0,236
BRDA:112,22,1,220
BRDA:112,22,2,8
BRDA:120,23,0,0
BRDA:120,23,1,152
BRDA:152,24,0,152
BRDA:152,24,1,144
BRDA:154,25,0,152
BRDA:154,25,1,0
BRDA:154,26,0,152
BRDA:154,26,1,152
BRF:56
BRH:52
end_of_record
TN:
SF:/home/johnsz/shared/repos/feathers-authentication-management/src/hooks.js
FN:8,(anonymous_3)
FN:8,(anonymous_4)
FN:12,(anonymous_5)
FN:13,(anonymous_6)
FN:18,(anonymous_7)
FN:27,(anonymous_8)
FN:30,(anonymous_9)
FN:30,(anonymous_10)
FN:38,(anonymous_11)
FN:38,(anonymous_12)
FNF:10
FNH:9
FNDA:15,(anonymous_3)
FNDA:10,(anonymous_4)
FNDA:10,(anonymous_5)
FNDA:10,(anonymous_6)
FNDA:10,(anonymous_7)
FNDA:0,(anonymous_8)
FNDA:8,(anonymous_9)
FNDA:8,(anonymous_10)
FNDA:6,(anonymous_11)
FNDA:6,(anonymous_12)
DA:4,1
DA:5,1
DA:8,15
DA:9,10
DA:11,10
DA:12,10
DA:13,10
DA:18,40
DA:19,10
DA:20,10
DA:21,10
DA:22,10
DA:23,10
DA:25,10
DA:27,0
DA:30,8
DA:31,8
DA:33,6
DA:34,3
DA:38,6
DA:39,6
DA:40,5
DA:42,5
DA:44,2
DA:45,2
DA:46,2
DA:50,5
DA:51,4
DA:52,4
DA:53,4
DA:54,4
DA:55,4
DA:56,4
DA:57,4
DA:58,4
LF:35
LH:34
BRDA:12,0,0,10
BRDA:12,0,1,9
BRDA:33,1,0,3
BRDA:33,1,1,1
BRDA:33,2,0,6
BRDA:33,2,1,3
BRDA:40,3,0,5
BRDA:40,3,1,1
BRDA:42,4,0,2
BRDA:42,4,1,3
BRDA:42,5,0,5
BRDA:42,5,1,2
BRDA:50,6,0,4
BRDA:50,6,1,1
BRDA:50,7,0,5
BRDA:50,7,1,4
BRDA:54,8,0,4
BRDA:54,8,1,0
BRF:18
BRH:17
end_of_record
TN:
SF:/home/johnsz/shared/repos/feathers-authentication-management/src/identityChange.js
FN:16,identityChange
FN:23,(anonymous_4)
FN:28,(anonymous_5)
FN:31,(anonymous_6)
FN:36,(anonymous_7)
FN:40,(anonymous_8)
FN:50,(anonymous_9)
FN:51,(anonymous_10)
FN:53,patchUser
FN:55,(anonymous_12)
FNF:10
FNH:10
FNDA:16,identityChange
FNDA:16,(anonymous_4)
FNDA:16,(anonymous_5)
FNDA:16,(anonymous_6)
FNDA:4,(anonymous_7)
FNDA:12,(anonymous_8)
FNDA:12,(anonymous_9)
FNDA:12,(anonymous_10)
FNDA:12,patchUser
FNDA:12,(anonymous_12)
DA:4,1
DA:5,1
DA:16,1
DA:18,16
DA:19,16
DA:20,16
DA:22,16
DA:24,16
DA:25,16
DA:27,16
DA:28,16
DA:31,16
DA:36,4
DA:40,48
DA:41,12
DA:48,12
DA:50,12
DA:51,12
DA:54,12
DA:55,12
LF:20
LH:20
BRDA:28,0,0,8
BRDA:28,0,1,8
BRF:2
BRH:2
end_of_record
TN:
SF:/home/johnsz/shared/repos/feathers-authentication-management/src/index.js
FNF:0
FNH:0
DA:2,1
DA:3,1
DA:5,1
DA:6,1
LF:4
LH:4
BRF:0
BRH:0
end_of_record
TN:
SF:/home/johnsz/shared/repos/feathers-authentication-management/src/passwordChange.js
FN:16,passwordChange
FN:22,(anonymous_4)
FN:27,(anonymous_5)
FN:29,(anonymous_6)
FN:33,(anonymous_7)
FN:37,(anonymous_8)
FN:42,(anonymous_9)
FN:43,(anonymous_10)
FN:45,patchUser
FN:47,(anonymous_12)
FNF:10
FNH:10
FNDA:16,passwordChange
FNDA:16,(anonymous_4)
FNDA:16,(anonymous_5)
FNDA:16,(anonymous_6)
FNDA:4,(anonymous_7)
FNDA:12,(anonymous_8)
FNDA:12,(anonymous_9)
FNDA:12,(anonymous_10)
FNDA:12,patchUser
FNDA:12,(anonymous_12)
DA:4,1
DA:5,1
DA:16,1
DA:17,16
DA:18,16
DA:19,16
DA:21,16
DA:23,16
DA:24,16
DA:26,16
DA:27,16
DA:29,16
DA:33,4
DA:37,48
DA:42,12
DA:43,12
DA:46,12
DA:47,12
LF:18
LH:18
BRDA:27,0,0,8
BRDA:27,0,1,8
BRF:2
BRH:2
end_of_record
TN:
SF:/home/johnsz/shared/repos/feathers-authentication-management/src/resendVerifySignup.js
FN:17,resendVerifySignup
FN:23,(anonymous_4)
FN:30,(anonymous_5)
FN:33,(anonymous_6)
FN:38,(anonymous_7)
FN:46,(anonymous_8)
FN:47,(anonymous_9)
FN:49,patchUser
FN:51,(anonymous_11)
FNF:9
FNH:9
FNDA:76,resendVerifySignup
FNDA:76,(anonymous_4)
FNDA:68,(anonymous_5)
FNDA:68,(anonymous_6)
FNDA:44,(anonymous_7)
FNDA:44,(anonymous_8)
FNDA:44,(anonymous_9)
FNDA:44,patchUser
FNDA:44,(anonymous_11)
DA:4,1
DA:17,1
DA:18,76
DA:19,76
DA:20,76
DA:22,76
DA:24,76
DA:28,68
DA:30,68
DA:33,68
DA:38,220
DA:46,44
DA:47,44
DA:50,44
DA:51,44
LF:15
LH:15
BRF:0
BRH:0
end_of_record
TN:
SF:/home/johnsz/shared/repos/feathers-authentication-management/src/resetPassword.js
FN:16,(anonymous_3)
FN:18,(anonymous_4)
FN:25,(anonymous_5)
FN:27,(anonymous_6)
FN:35,resetPassword
FN:42,(anonymous_8)
FN:45,(anonymous_9)
FN:46,(anonymous_10)
FN:52,(anonymous_11)
FN:64,(anonymous_12)
FN:65,(anonymous_13)
FN:68,patchUser
FN:70,(anonymous_15)
FNF:13
FNH:13
FNDA:24,(anonymous_3)
FNDA:24,(anonymous_4)
FNDA:40,(anonymous_5)
FNDA:40,(anonymous_6)
FNDA:56,resetPassword
FNDA:56,(anonymous_8)
FNDA:32,(anonymous_9)
FNDA:32,(anonymous_10)
FNDA:4,(anonymous_11)
FNDA:28,(anonymous_12)
FNDA:28,(anonymous_13)
FNDA:32,patchUser
FNDA:32,(anonymous_15)
DA:4,1
DA:5,1
DA:16,1
DA:17,24
DA:19,24
DA:21,24
DA:25,1
DA:26,40
DA:28,40
DA:29,40
DA:31,32
DA:36,56
DA:37,56
DA:38,56
DA:40,56
DA:42,56
DA:45,96
DA:46,32
DA:47,4
DA:53,4
DA:58,28
DA:64,28
DA:65,28
DA:69,32
DA:70,32
LF:25
LH:25
BRDA:46,0,0,4
BRDA:46,0,1,28
BRF:2
BRH:2
end_of_record
TN:
SF:/home/johnsz/shared/repos/feathers-authentication-management/src/sendResetPwd.js
FN:15,sendResetPwd
FN:21,(anonymous_4)
FN:26,(anonymous_5)
FN:31,(anonymous_6)
FN:38,(anonymous_7)
FN:39,(anonymous_8)
FN:41,patchUser
FN:43,(anonymous_10)
FNF:8
FNH:8
FNDA:28,sendResetPwd
FNDA:28,(anonymous_4)
FNDA:28,(anonymous_5)
FNDA:20,(anonymous_6)
FNDA:20,(anonymous_7)
FNDA:20,(anonymous_8)
FNDA:20,patchUser
FNDA:20,(anonymous_10)
DA:4,1
DA:15,1
DA:16,28
DA:17,28
DA:18,28
DA:20,28
DA:22,28
DA:24,28
DA:26,28
DA:31,100
DA:38,20
DA:39,20
DA:42,20
DA:43,20
LF:14
LH:14
BRF:0
BRH:0
end_of_record
TN:
SF:/home/johnsz/shared/repos/feathers-authentication-management/src/service.js
FN:19,notifier
FN:28,(anonymous_1)
FN:32,(anonymous_2)
FN:37,authManagement
FN:41,create
FNF:5
FNH:5
FNDA:120,notifier
FNDA:350,(anonymous_1)
FNDA:350,(anonymous_2)
FNDA:350,authManagement
FNDA:329,create
DA:4,1
DA:5,1
DA:7,1
DA:8,1
DA:10,1
DA:12,1
DA:13,1
DA:15,1
DA:19,120
DA:28,350
DA:29,350
DA:30,350
DA:32,350
DA:33,350
DA:38,350
DA:39,350
DA:41,350
DA:43,329
DA:45,329
DA:47,44
DA:49,76
DA:51,28
DA:53,44
DA:55,28
DA:57,24
DA:59,40
DA:62,16
DA:65,16
DA:68,13
DA:70,0
LF:30
LH:29
BRDA:28,0,0,152
BRDA:28,0,1,198
BRDA:28,1,0,350
BRDA:28,1,1,152
BRDA:46,2,0,44
BRDA:46,2,1,76
BRDA:46,2,2,28
BRDA:46,2,3,44
BRDA:46,2,4,28
BRDA:46,2,5,24
BRDA:46,2,6,40
BRDA:46,2,7,16
BRDA:46,2,8,16
BRDA:46,2,9,13
BRDA:46,2,10,0
BRDA:47,3,0,44
BRDA:47,3,1,36
BRDA:47,4,0,44
BRDA:47,4,1,40
BRF:19
BRH:18
end_of_record
TN:
SF:/home/johnsz/shared/repos/feathers-authentication-management/src/verifySignup.js
FN:15,(anonymous_0)
FN:17,(anonymous_1)
FN:24,(anonymous_2)
FN:26,(anonymous_3)
FN:34,verifySignup
FN:40,(anonymous_5)
FN:41,(anonymous_6)
FN:42,(anonymous_7)
FN:44,(anonymous_8)
FN:51,(anonymous_9)
FN:52,(anonymous_10)
FN:55,eraseVerifyProps
FN:67,patchUser
FN:69,(anonymous_13)
FNF:14
FNH:14
FNDA:28,(anonymous_0)
FNDA:28,(anonymous_1)
FNDA:44,(anonymous_2)
FNDA:44,(anonymous_3)
FNDA:64,verifySignup
FNDA:64,(anonymous_5)
FNDA:40,(anonymous_6)
FNDA:40,(anonymous_7)
FNDA:4,(anonymous_8)
FNDA:36,(anonymous_9)
FNDA:36,(anonymous_10)
FNDA:40,eraseVerifyProps
FNDA:40,patchUser
FNDA:40,(anonymous_13)
DA:4,1
DA:5,1
DA:15,1
DA:16,28
DA:18,28
DA:20,28
DA:24,1
DA:25,44
DA:27,44
DA:28,44
DA:30,36
DA:35,64
DA:36,64
DA:37,64
DA:39,64
DA:40,64
DA:42,40
DA:43,4
DA:45,4
DA:50,36
DA:51,36
DA:52,36
DA:56,40
DA:64,40
DA:68,40
DA:69,40
LF:26
LH:26
BRDA:42,0,0,4
BRDA:42,0,1,36
BRDA:50,1,0,36
BRDA:50,1,1,28
BRDA:56,2,0,40
BRDA:56,2,1,4
BRF:6
BRH:6
end_of_record
